2024-12-15T11:38:28,REGISTRA_UTENTE,Nome utente: carlomagno
2024-12-15T11:55:36,REGISTRA_UTENTE,Nome utente: pa
2024-12-15T11:57:38,PAROLA_INVIATA,Utente: a1 Parola: miei
2024-12-15T11:57:38,PUNTEGGIO,Utente: a1 Punteggio: 4
2024-12-15T13:04:04,REGISTRA_UTENTE,Nome utente: aiutooddio
2024-12-15T15:42:23,PAROLA_INVIATA,Utente: a1 Parola: sale
2024-12-15T15:42:23,PUNTEGGIO,Utente: a1 Punteggio: 4
2024-12-15T15:43:02,PAROLA_INVIATA,Utente: a1 Parola: devi
2024-12-15T15:43:02,PUNTEGGIO,Utente: a1 Punteggio: 4
2024-12-15T15:43:05,PAROLA_INVIATA,Utente: a1 Parola: cavi
2024-12-15T15:43:05,PUNTEGGIO,Utente: a1 Punteggio: 4
2024-12-15T15:43:09,PAROLA_INVIATA,Utente: a1 Parola: vide
2024-12-15T15:43:09,PUNTEGGIO,Utente: a1 Punteggio: 4
2024-12-15T15:43:20,PAROLA_INVIATA,Utente: a1 Parola: idea
2024-12-15T15:43:20,PUNTEGGIO,Utente: a1 Punteggio: 4
2024-12-15T15:52:02,PAROLA_INVIATA,Utente: a1 Parola: lavo
2024-12-15T15:52:02,PUNTEGGIO,Utente: a1 Punteggio: 4
2024-12-15T16:45:22,PAROLA_INVIATA,Utente: a1 Parola: sale
2024-12-15T16:45:22,PUNTEGGIO,Utente: a1 Punteggio: 4
2024-12-15T16:45:26,PAROLA_INVIATA,Utente: a1 Parola: cavi
2024-12-15T16:45:26,PUNTEGGIO,Utente: a1 Punteggio: 4
2024-12-15T16:45:28,PAROLA_INVIATA,Utente: alessio Parola: sale
2024-12-15T16:45:28,PUNTEGGIO,Utente: alessio Punteggio: 4
2024-12-15T16:45:48,PAROLA_INVIATA,Utente: a1 Parola: devi
2024-12-15T16:45:48,PUNTEGGIO,Utente: a1 Punteggio: 4
2024-12-15T16:45:51,PAROLA_INVIATA,Utente: alessio Parola: devi
2024-12-15T16:45:51,PUNTEGGIO,Utente: alessio Punteggio: 4
2024-12-15T16:48:45,PAROLA_INVIATA,Utente: a1 Parola: lavo
2024-12-15T16:48:45,PUNTEGGIO,Utente: a1 Punteggio: 4
2024-12-15T16:48:48,PAROLA_INVIATA,Utente: alessio Parola: lavo
2024-12-15T16:48:48,PUNTEGGIO,Utente: alessio Punteggio: 4
2024-12-15T17:13:54,PAROLA_INVIATA,Utente: alessio Parola: sale
2024-12-15T17:13:54,PUNTEGGIO,Utente: alessio Punteggio: 4
2024-12-15T17:13:57,PAROLA_INVIATA,Utente: alessio Parola: cavi
2024-12-15T17:13:57,PUNTEGGIO,Utente: alessio Punteggio: 4
2024-12-15T17:14:00,PAROLA_INVIATA,Utente: a1 Parola: sale
2024-12-15T17:14:00,PUNTEGGIO,Utente: a1 Punteggio: 4
2024-12-15T17:14:08,PAROLA_INVIATA,Utente: alessio Parola: devi
2024-12-15T17:14:08,PUNTEGGIO,Utente: alessio Punteggio: 4
2024-12-15T17:14:09,PAROLA_INVIATA,Utente: alessio Parola: vide
2024-12-15T17:14:09,PUNTEGGIO,Utente: alessio Punteggio: 4
2024-12-15T17:14:14,PAROLA_INVIATA,Utente: a1 Parola: cavi
2024-12-15T17:14:14,PUNTEGGIO,Utente: a1 Punteggio: 4
2024-12-15T17:15:20,PAROLA_INVIATA,Utente: a1 Parola: esca
2024-12-15T17:15:20,PUNTEGGIO,Utente: a1 Punteggio: 4
2024-12-15T17:15:22,PAROLA_INVIATA,Utente: a1 Parola: lavo
2024-12-15T17:15:22,PUNTEGGIO,Utente: a1 Punteggio: 4
2024-12-15T17:15:28,PAROLA_INVIATA,Utente: alessio Parola: lavo
2024-12-15T17:15:28,PUNTEGGIO,Utente: alessio Punteggio: 4
2024-12-15T17:16:22,PAROLA_INVIATA,Utente: alessio Parola: sale
2024-12-15T17:16:22,PUNTEGGIO,Utente: alessio Punteggio: 4
2024-12-15T17:16:50,PAROLA_INVIATA,Utente: a1 Parola: cavi
2024-12-15T17:16:50,PUNTEGGIO,Utente: a1 Punteggio: 4
2024-12-15T17:39:28,PAROLA_INVIATA,Utente: a1 Parola: sale
2024-12-15T17:39:28,PUNTEGGIO,Utente: a1 Punteggio: 4
2024-12-15T17:40:31,PAROLA_INVIATA,Utente: a1 Parola: sale
2024-12-15T17:40:31,PUNTEGGIO,Utente: a1 Punteggio: 4
2024-12-15T17:40:32,PAROLA_INVIATA,Utente: a1 Parola: cavi
2024-12-15T17:40:32,PUNTEGGIO,Utente: a1 Punteggio: 4
2024-12-15T17:40:37,PAROLA_INVIATA,Utente: a1 Parola: devi
2024-12-15T17:40:37,PUNTEGGIO,Utente: a1 Punteggio: 4
2024-12-15T17:40:39,PAROLA_INVIATA,Utente: a1 Parola: vide
2024-12-15T17:40:39,PUNTEGGIO,Utente: a1 Punteggio: 4
2024-12-15T17:40:46,PAROLA_INVIATA,Utente: a1 Parola: dive
2024-12-15T17:40:46,PUNTEGGIO,Utente: a1 Punteggio: 4
2024-12-15T17:41:52,PAROLA_INVIATA,Utente: alessio Parola: sale
2024-12-15T17:41:52,PUNTEGGIO,Utente: alessio Punteggio: 4
2024-12-15T17:41:54,PAROLA_INVIATA,Utente: alessio Parola: devi
2024-12-15T17:41:54,PUNTEGGIO,Utente: alessio Punteggio: 4
2024-12-15T17:41:56,PAROLA_INVIATA,Utente: alessio Parola: dive
2024-12-15T17:41:56,PUNTEGGIO,Utente: alessio Punteggio: 4
2024-12-15T23:15:18,PAROLA_INVIATA,Utente: alessio Parola: sale
2024-12-15T23:15:18,PUNTEGGIO,Utente: alessio Punteggio: 4
2024-12-15T23:15:21,PAROLA_INVIATA,Utente: alessio Parola: dive
2024-12-15T23:15:21,PUNTEGGIO,Utente: alessio Punteggio: 4
2024-12-15T23:15:22,PAROLA_INVIATA,Utente: alessio Parola: vide
2024-12-15T23:15:22,PUNTEGGIO,Utente: alessio Punteggio: 4
2024-12-15T23:15:24,PAROLA_INVIATA,Utente: a1 Parola: video
2024-12-15T23:15:24,PUNTEGGIO,Utente: a1 Punteggio: 5
2024-12-15T23:18:49,PAROLA_INVIATA,Utente: a1 Parola: video
2024-12-15T23:18:49,PUNTEGGIO,Utente: a1 Punteggio: 5
2024-12-15T23:18:55,PAROLA_INVIATA,Utente: alessio Parola: video
2024-12-15T23:18:55,PUNTEGGIO,Utente: alessio Punteggio: 5
2024-12-15T23:18:57,PAROLA_INVIATA,Utente: alessio Parola: dive
2024-12-15T23:18:57,PUNTEGGIO,Utente: alessio Punteggio: 4
2024-12-15T23:18:59,PAROLA_INVIATA,Utente: alessio Parola: vide
2024-12-15T23:18:59,PUNTEGGIO,Utente: alessio Punteggio: 4
2024-12-15T23:44:40,PAROLA_INVIATA,Utente: a1 Parola: sale
2024-12-15T23:44:40,PUNTEGGIO,Utente: a1 Punteggio: 4
2024-12-15T23:44:42,PAROLA_INVIATA,Utente: a1 Parola: video
2024-12-15T23:44:42,PUNTEGGIO,Utente: a1 Punteggio: 5
2024-12-15T23:44:53,PAROLA_INVIATA,Utente: alessio Parola: sale
2024-12-15T23:44:53,PUNTEGGIO,Utente: alessio Punteggio: 4
2024-12-15T23:47:11,PAROLA_INVIATA,Utente: a1 Parola: lavo
2024-12-15T23:47:11,PUNTEGGIO,Utente: a1 Punteggio: 4
2024-12-15T23:47:24,PAROLA_INVIATA,Utente: alessio Parola: pece
2024-12-15T23:47:24,PUNTEGGIO,Utente: alessio Punteggio: 4
2024-12-15T23:47:28,PAROLA_INVIATA,Utente: alessio Parola: lavo
2024-12-15T23:47:28,PUNTEGGIO,Utente: alessio Punteggio: 4
2024-12-16T00:05:48,PAROLA_INVIATA,Utente: alessio Parola: sale
2024-12-16T00:05:48,PUNTEGGIO,Utente: alessio Punteggio: 4
2024-12-16T00:05:50,PAROLA_INVIATA,Utente: alessio Parola: video
2024-12-16T00:05:50,PUNTEGGIO,Utente: alessio Punteggio: 5
2024-12-16T00:05:52,PAROLA_INVIATA,Utente: a1 Parola: sale
2024-12-16T00:05:52,PUNTEGGIO,Utente: a1 Punteggio: 4
